<?xml version="1.0" encoding="UTF-8"?>
<testsuite xmlns:xsi="http://www.w3.org/2001/XMLSchema-instance" xsi:noNamespaceSchemaLocation="https://maven.apache.org/surefire/maven-surefire-plugin/xsd/surefire-test-report.xsd" version="3.0.2" name="com.auca.library.UserServiceTest" time="0.164" tests="5" errors="0" skipped="0" failures="0">
  <properties>
[...]
</properties>
  <testcase name="validPersonId_returnsCorrectProvinceName" classname="com.auca.library.UserServiceTest" time="0.026">
    <system-out><![CDATA[Hibernate: 
    select
        l1_0.location_id,
        l1_0.locationCode,
        l1_0.locationName,
        l1_0.locationType,
        l1_0.parent_id 
    from
        locations l1_0 
    where
        l1_0.locationCode=?
Hibernate: 
    insert 
    into
        locations
        (locationCode, locationName, locationType, parent_id, location_id) 
    values
        (?, ?, ?, ?, ?)
Hibernate: 
    select
        l1_0.location_id,
        l1_0.locationCode,
        l1_0.locationName,
        l1_0.locationType,
        l1_0.parent_id 
    from
        locations l1_0 
    where
        l1_0.locationCode=?
Hibernate: 
    select
        l1_0.location_id,
        l1_0.locationCode,
        l1_0.locationName,
        l1_0.locationType,
        l1_0.parent_id 
    from
        locations l1_0 
    where
        l1_0.location_id=?
Hibernate: 
    insert 
    into
        locations
        (locationCode, locationName, locationType, parent_id, location_id) 
    values
        (?, ?, ?, ?, ?)
Hibernate: 
    select
        l1_0.location_id,
        l1_0.locationCode,
        l1_0.locationName,
        l1_0.locationType,
        l1_0.parent_id 
    from
        locations l1_0 
    where
        l1_0.locationCode=?
Hibernate: 
    select
        l1_0.location_id,
        l1_0.locationCode,
        l1_0.locationName,
        l1_0.locationType,
        l1_0.parent_id 
    from
        locations l1_0 
    where
        l1_0.location_id=?
Hibernate: 
    insert 
    into
        locations
        (locationCode, locationName, locationType, parent_id, location_id) 
    values
        (?, ?, ?, ?, ?)
Hibernate: 
    select
        l1_0.location_id,
        l1_0.locationCode,
        l1_0.locationName,
        l1_0.locationType,
        l1_0.parent_id 
    from
        locations l1_0 
    where
        l1_0.locationCode=?
Hibernate: 
    select
        l1_0.location_id,
        l1_0.locationCode,
        l1_0.locationName,
        l1_0.locationType,
        l1_0.parent_id 
    from
        locations l1_0 
    where
        l1_0.location_id=?
Hibernate: 
    insert 
    into
        locations
        (locationCode, locationName, locationType, parent_id, location_id) 
    values
        (?, ?, ?, ?, ?)
Hibernate: 
    select
        l1_0.location_id,
        l1_0.locationCode,
        l1_0.locationName,
        l1_0.locationType,
        l1_0.parent_id 
    from
        locations l1_0 
    where
        l1_0.locationCode=?
Hibernate: 
    select
        l1_0.location_id,
        l1_0.locationCode,
        l1_0.locationName,
        l1_0.locationType,
        l1_0.parent_id 
    from
        locations l1_0 
    where
        l1_0.location_id=?
Hibernate: 
    insert 
    into
        locations
        (locationCode, locationName, locationType, parent_id, location_id) 
    values
        (?, ?, ?, ?, ?)
Hibernate: 
    insert 
    into
        users
        (firstName, gender, lastName, password, phoneNumber, role, userName, village_id, person_id) 
    values
        (?, ?, ?, ?, ?, ?, ?, ?, ?)
Hibernate: 
    select
        u1_0.person_id,
        u1_0.firstName,
        u1_0.gender,
        u1_0.lastName,
        u1_0.password,
        u1_0.phoneNumber,
        u1_0.role,
        u1_0.userName,
        u1_0.village_id 
    from
        users u1_0 
    where
        u1_0.person_id=?
Hibernate: 
    select
        l1_0.location_id,
        l1_0.locationCode,
        l1_0.locationName,
        l1_0.locationType,
        l1_0.parent_id 
    from
        locations l1_0 
    where
        l1_0.location_id=?
Hibernate: 
    select
        l1_0.location_id,
        l1_0.locationCode,
        l1_0.locationName,
        l1_0.locationType,
        l1_0.parent_id 
    from
        locations l1_0 
    where
        l1_0.location_id=?
Hibernate: 
    select
        l1_0.location_id,
        l1_0.locationCode,
        l1_0.locationName,
        l1_0.locationType,
        l1_0.parent_id 
    from
        locations l1_0 
    where
        l1_0.location_id=?
Hibernate: 
    select
        l1_0.location_id,
        l1_0.locationCode,
        l1_0.locationName,
        l1_0.locationType,
        l1_0.parent_id 
    from
        locations l1_0 
    where
        l1_0.location_id=?
Hibernate: 
    select
        l1_0.location_id,
        l1_0.locationCode,
        l1_0.locationName,
        l1_0.locationType,
        l1_0.parent_id 
    from
        locations l1_0 
    where
        l1_0.location_id=?
Hibernate: 
    select
        u1_0.person_id,
        u1_0.firstName,
        u1_0.gender,
        u1_0.lastName,
        u1_0.password,
        u1_0.phoneNumber,
        u1_0.role,
        u1_0.userName,
        u1_0.village_id 
    from
        users u1_0 
    where
        u1_0.person_id=?
Hibernate: 
    delete 
    from
        users 
    where
        person_id=?
Hibernate: 
    select
        l1_0.location_id,
        l1_0.locationCode,
        l1_0.locationName,
        l1_0.locationType,
        l1_0.parent_id 
    from
        locations l1_0
Hibernate: 
    select
        l1_0.location_id,
        l1_0.locationCode,
        l1_0.locationName,
        l1_0.locationType,
        l1_0.parent_id 
    from
        locations l1_0 
    where
        l1_0.location_id=?
Hibernate: 
    delete 
    from
        locations 
    where
        location_id=?
Hibernate: 
    select
        l1_0.location_id,
        l1_0.locationCode,
        l1_0.locationName,
        l1_0.locationType,
        l1_0.parent_id 
    from
        locations l1_0 
    where
        l1_0.location_id=?
Hibernate: 
    delete 
    from
        locations 
    where
        location_id=?
Hibernate: 
    select
        l1_0.location_id,
        l1_0.locationCode,
        l1_0.locationName,
        l1_0.locationType,
        l1_0.parent_id 
    from
        locations l1_0 
    where
        l1_0.location_id=?
Hibernate: 
    delete 
    from
        locations 
    where
        location_id=?
Hibernate: 
    select
        l1_0.location_id,
        l1_0.locationCode,
        l1_0.locationName,
        l1_0.locationType,
        l1_0.parent_id 
    from
        locations l1_0 
    where
        l1_0.location_id=?
Hibernate: 
    delete 
    from
        locations 
    where
        location_id=?
Hibernate: 
    select
        l1_0.location_id,
        l1_0.locationCode,
        l1_0.locationName,
        l1_0.locationType,
        l1_0.parent_id 
    from
        locations l1_0 
    where
        l1_0.location_id=?
Hibernate: 
    delete 
    from
        locations 
    where
        location_id=?
]]></system-out>
  </testcase>
  <testcase name="authenticate_unknownUsername_returnsFalse" classname="com.auca.library.UserServiceTest" time="0.035">
    <system-out><![CDATA[Hibernate: 
    select
        l1_0.location_id,
        l1_0.locationCode,
        l1_0.locationName,
        l1_0.locationType,
        l1_0.parent_id 
    from
        locations l1_0 
    where
        l1_0.locationCode=?
Hibernate: 
    insert 
    into
        locations
        (locationCode, locationName, locationType, parent_id, location_id) 
    values
        (?, ?, ?, ?, ?)
Hibernate: 
    select
        l1_0.location_id,
        l1_0.locationCode,
        l1_0.locationName,
        l1_0.locationType,
        l1_0.parent_id 
    from
        locations l1_0 
    where
        l1_0.locationCode=?
Hibernate: 
    select
        l1_0.location_id,
        l1_0.locationCode,
        l1_0.locationName,
        l1_0.locationType,
        l1_0.parent_id 
    from
        locations l1_0 
    where
        l1_0.location_id=?
Hibernate: 
    insert 
    into
        locations
        (locationCode, locationName, locationType, parent_id, location_id) 
    values
        (?, ?, ?, ?, ?)
Hibernate: 
    select
        l1_0.location_id,
        l1_0.locationCode,
        l1_0.locationName,
        l1_0.locationType,
        l1_0.parent_id 
    from
        locations l1_0 
    where
        l1_0.locationCode=?
Hibernate: 
    select
        l1_0.location_id,
        l1_0.locationCode,
        l1_0.locationName,
        l1_0.locationType,
        l1_0.parent_id 
    from
        locations l1_0 
    where
        l1_0.location_id=?
Hibernate: 
    insert 
    into
        locations
        (locationCode, locationName, locationType, parent_id, location_id) 
    values
        (?, ?, ?, ?, ?)
Hibernate: 
    select
        l1_0.location_id,
        l1_0.locationCode,
        l1_0.locationName,
        l1_0.locationType,
        l1_0.parent_id 
    from
        locations l1_0 
    where
        l1_0.locationCode=?
Hibernate: 
    select
        l1_0.location_id,
        l1_0.locationCode,
        l1_0.locationName,
        l1_0.locationType,
        l1_0.parent_id 
    from
        locations l1_0 
    where
        l1_0.location_id=?
Hibernate: 
    insert 
    into
        locations
        (locationCode, locationName, locationType, parent_id, location_id) 
    values
        (?, ?, ?, ?, ?)
Hibernate: 
    select
        l1_0.location_id,
        l1_0.locationCode,
        l1_0.locationName,
        l1_0.locationType,
        l1_0.parent_id 
    from
        locations l1_0 
    where
        l1_0.locationCode=?
Hibernate: 
    select
        l1_0.location_id,
        l1_0.locationCode,
        l1_0.locationName,
        l1_0.locationType,
        l1_0.parent_id 
    from
        locations l1_0 
    where
        l1_0.location_id=?
Hibernate: 
    insert 
    into
        locations
        (locationCode, locationName, locationType, parent_id, location_id) 
    values
        (?, ?, ?, ?, ?)
Hibernate: 
    insert 
    into
        users
        (firstName, gender, lastName, password, phoneNumber, role, userName, village_id, person_id) 
    values
        (?, ?, ?, ?, ?, ?, ?, ?, ?)
Hibernate: 
    select
        u1_0.person_id,
        u1_0.firstName,
        u1_0.gender,
        u1_0.lastName,
        u1_0.password,
        u1_0.phoneNumber,
        u1_0.role,
        u1_0.userName,
        u1_0.village_id 
    from
        users u1_0 
    where
        u1_0.userName=?
Hibernate: 
    select
        u1_0.person_id,
        u1_0.firstName,
        u1_0.gender,
        u1_0.lastName,
        u1_0.password,
        u1_0.phoneNumber,
        u1_0.role,
        u1_0.userName,
        u1_0.village_id 
    from
        users u1_0 
    where
        u1_0.person_id=?
Hibernate: 
    delete 
    from
        users 
    where
        person_id=?
Hibernate: 
    select
        l1_0.location_id,
        l1_0.locationCode,
        l1_0.locationName,
        l1_0.locationType,
        l1_0.parent_id 
    from
        locations l1_0
Hibernate: 
    select
        l1_0.location_id,
        l1_0.locationCode,
        l1_0.locationName,
        l1_0.locationType,
        l1_0.parent_id 
    from
        locations l1_0 
    where
        l1_0.location_id=?
Hibernate: 
    delete 
    from
        locations 
    where
        location_id=?
Hibernate: 
    select
        l1_0.location_id,
        l1_0.locationCode,
        l1_0.locationName,
        l1_0.locationType,
        l1_0.parent_id 
    from
        locations l1_0 
    where
        l1_0.location_id=?
Hibernate: 
    delete 
    from
        locations 
    where
        location_id=?
Hibernate: 
    select
        l1_0.location_id,
        l1_0.locationCode,
        l1_0.locationName,
        l1_0.locationType,
        l1_0.parent_id 
    from
        locations l1_0 
    where
        l1_0.location_id=?
Hibernate: 
    delete 
    from
        locations 
    where
        location_id=?
Hibernate: 
    select
        l1_0.location_id,
        l1_0.locationCode,
        l1_0.locationName,
        l1_0.locationType,
        l1_0.parent_id 
    from
        locations l1_0 
    where
        l1_0.location_id=?
Hibernate: 
    delete 
    from
        locations 
    where
        location_id=?
Hibernate: 
    select
        l1_0.location_id,
        l1_0.locationCode,
        l1_0.locationName,
        l1_0.locationType,
        l1_0.parent_id 
    from
        locations l1_0 
    where
        l1_0.location_id=?
Hibernate: 
    delete 
    from
        locations 
    where
        location_id=?
]]></system-out>
  </testcase>
  <testcase name="authenticate_wrongPassword_returnsFalse" classname="com.auca.library.UserServiceTest" time="0.032">
    <system-out><![CDATA[Hibernate: 
    select
        l1_0.location_id,
        l1_0.locationCode,
        l1_0.locationName,
        l1_0.locationType,
        l1_0.parent_id 
    from
        locations l1_0 
    where
        l1_0.locationCode=?
Hibernate: 
    insert 
    into
        locations
        (locationCode, locationName, locationType, parent_id, location_id) 
    values
        (?, ?, ?, ?, ?)
Hibernate: 
    select
        l1_0.location_id,
        l1_0.locationCode,
        l1_0.locationName,
        l1_0.locationType,
        l1_0.parent_id 
    from
        locations l1_0 
    where
        l1_0.locationCode=?
Hibernate: 
    select
        l1_0.location_id,
        l1_0.locationCode,
        l1_0.locationName,
        l1_0.locationType,
        l1_0.parent_id 
    from
        locations l1_0 
    where
        l1_0.location_id=?
Hibernate: 
    insert 
    into
        locations
        (locationCode, locationName, locationType, parent_id, location_id) 
    values
        (?, ?, ?, ?, ?)
Hibernate: 
    select
        l1_0.location_id,
        l1_0.locationCode,
        l1_0.locationName,
        l1_0.locationType,
        l1_0.parent_id 
    from
        locations l1_0 
    where
        l1_0.locationCode=?
Hibernate: 
    select
        l1_0.location_id,
        l1_0.locationCode,
        l1_0.locationName,
        l1_0.locationType,
        l1_0.parent_id 
    from
        locations l1_0 
    where
        l1_0.location_id=?
Hibernate: 
    insert 
    into
        locations
        (locationCode, locationName, locationType, parent_id, location_id) 
    values
        (?, ?, ?, ?, ?)
Hibernate: 
    select
        l1_0.location_id,
        l1_0.locationCode,
        l1_0.locationName,
        l1_0.locationType,
        l1_0.parent_id 
    from
        locations l1_0 
    where
        l1_0.locationCode=?
Hibernate: 
    select
        l1_0.location_id,
        l1_0.locationCode,
        l1_0.locationName,
        l1_0.locationType,
        l1_0.parent_id 
    from
        locations l1_0 
    where
        l1_0.location_id=?
Hibernate: 
    insert 
    into
        locations
        (locationCode, locationName, locationType, parent_id, location_id) 
    values
        (?, ?, ?, ?, ?)
Hibernate: 
    select
        l1_0.location_id,
        l1_0.locationCode,
        l1_0.locationName,
        l1_0.locationType,
        l1_0.parent_id 
    from
        locations l1_0 
    where
        l1_0.locationCode=?
Hibernate: 
    select
        l1_0.location_id,
        l1_0.locationCode,
        l1_0.locationName,
        l1_0.locationType,
        l1_0.parent_id 
    from
        locations l1_0 
    where
        l1_0.location_id=?
Hibernate: 
    insert 
    into
        locations
        (locationCode, locationName, locationType, parent_id, location_id) 
    values
        (?, ?, ?, ?, ?)
Hibernate: 
    insert 
    into
        users
        (firstName, gender, lastName, password, phoneNumber, role, userName, village_id, person_id) 
    values
        (?, ?, ?, ?, ?, ?, ?, ?, ?)
Hibernate: 
    select
        u1_0.person_id,
        u1_0.firstName,
        u1_0.gender,
        u1_0.lastName,
        u1_0.password,
        u1_0.phoneNumber,
        u1_0.role,
        u1_0.userName,
        u1_0.village_id 
    from
        users u1_0 
    where
        u1_0.userName=?
Hibernate: 
    select
        u1_0.person_id,
        u1_0.firstName,
        u1_0.gender,
        u1_0.lastName,
        u1_0.password,
        u1_0.phoneNumber,
        u1_0.role,
        u1_0.userName,
        u1_0.village_id 
    from
        users u1_0 
    where
        u1_0.person_id=?
Hibernate: 
    delete 
    from
        users 
    where
        person_id=?
Hibernate: 
    select
        l1_0.location_id,
        l1_0.locationCode,
        l1_0.locationName,
        l1_0.locationType,
        l1_0.parent_id 
    from
        locations l1_0
Hibernate: 
    select
        l1_0.location_id,
        l1_0.locationCode,
        l1_0.locationName,
        l1_0.locationType,
        l1_0.parent_id 
    from
        locations l1_0 
    where
        l1_0.location_id=?
Hibernate: 
    delete 
    from
        locations 
    where
        location_id=?
Hibernate: 
    select
        l1_0.location_id,
        l1_0.locationCode,
        l1_0.locationName,
        l1_0.locationType,
        l1_0.parent_id 
    from
        locations l1_0 
    where
        l1_0.location_id=?
Hibernate: 
    delete 
    from
        locations 
    where
        location_id=?
Hibernate: 
    select
        l1_0.location_id,
        l1_0.locationCode,
        l1_0.locationName,
        l1_0.locationType,
        l1_0.parent_id 
    from
        locations l1_0 
    where
        l1_0.location_id=?
Hibernate: 
    delete 
    from
        locations 
    where
        location_id=?
Hibernate: 
    select
        l1_0.location_id,
        l1_0.locationCode,
        l1_0.locationName,
        l1_0.locationType,
        l1_0.parent_id 
    from
        locations l1_0 
    where
        l1_0.location_id=?
Hibernate: 
    delete 
    from
        locations 
    where
        location_id=?
Hibernate: 
    select
        l1_0.location_id,
        l1_0.locationCode,
        l1_0.locationName,
        l1_0.locationType,
        l1_0.parent_id 
    from
        locations l1_0 
    where
        l1_0.location_id=?
Hibernate: 
    delete 
    from
        locations 
    where
        location_id=?
]]></system-out>
  </testcase>
  <testcase name="authenticate_correctCredentials_returnsTrue" classname="com.auca.library.UserServiceTest" time="0.036">
    <system-out><![CDATA[Hibernate: 
    select
        l1_0.location_id,
        l1_0.locationCode,
        l1_0.locationName,
        l1_0.locationType,
        l1_0.parent_id 
    from
        locations l1_0 
    where
        l1_0.locationCode=?
Hibernate: 
    insert 
    into
        locations
        (locationCode, locationName, locationType, parent_id, location_id) 
    values
        (?, ?, ?, ?, ?)
Hibernate: 
    select
        l1_0.location_id,
        l1_0.locationCode,
        l1_0.locationName,
        l1_0.locationType,
        l1_0.parent_id 
    from
        locations l1_0 
    where
        l1_0.locationCode=?
Hibernate: 
    select
        l1_0.location_id,
        l1_0.locationCode,
        l1_0.locationName,
        l1_0.locationType,
        l1_0.parent_id 
    from
        locations l1_0 
    where
        l1_0.location_id=?
Hibernate: 
    insert 
    into
        locations
        (locationCode, locationName, locationType, parent_id, location_id) 
    values
        (?, ?, ?, ?, ?)
Hibernate: 
    select
        l1_0.location_id,
        l1_0.locationCode,
        l1_0.locationName,
        l1_0.locationType,
        l1_0.parent_id 
    from
        locations l1_0 
    where
        l1_0.locationCode=?
Hibernate: 
    select
        l1_0.location_id,
        l1_0.locationCode,
        l1_0.locationName,
        l1_0.locationType,
        l1_0.parent_id 
    from
        locations l1_0 
    where
        l1_0.location_id=?
Hibernate: 
    insert 
    into
        locations
        (locationCode, locationName, locationType, parent_id, location_id) 
    values
        (?, ?, ?, ?, ?)
Hibernate: 
    select
        l1_0.location_id,
        l1_0.locationCode,
        l1_0.locationName,
        l1_0.locationType,
        l1_0.parent_id 
    from
        locations l1_0 
    where
        l1_0.locationCode=?
Hibernate: 
    select
        l1_0.location_id,
        l1_0.locationCode,
        l1_0.locationName,
        l1_0.locationType,
        l1_0.parent_id 
    from
        locations l1_0 
    where
        l1_0.location_id=?
Hibernate: 
    insert 
    into
        locations
        (locationCode, locationName, locationType, parent_id, location_id) 
    values
        (?, ?, ?, ?, ?)
Hibernate: 
    select
        l1_0.location_id,
        l1_0.locationCode,
        l1_0.locationName,
        l1_0.locationType,
        l1_0.parent_id 
    from
        locations l1_0 
    where
        l1_0.locationCode=?
Hibernate: 
    select
        l1_0.location_id,
        l1_0.locationCode,
        l1_0.locationName,
        l1_0.locationType,
        l1_0.parent_id 
    from
        locations l1_0 
    where
        l1_0.location_id=?
Hibernate: 
    insert 
    into
        locations
        (locationCode, locationName, locationType, parent_id, location_id) 
    values
        (?, ?, ?, ?, ?)
Hibernate: 
    insert 
    into
        users
        (firstName, gender, lastName, password, phoneNumber, role, userName, village_id, person_id) 
    values
        (?, ?, ?, ?, ?, ?, ?, ?, ?)
Hibernate: 
    select
        u1_0.person_id,
        u1_0.firstName,
        u1_0.gender,
        u1_0.lastName,
        u1_0.password,
        u1_0.phoneNumber,
        u1_0.role,
        u1_0.userName,
        u1_0.village_id 
    from
        users u1_0 
    where
        u1_0.userName=?
Hibernate: 
    select
        u1_0.person_id,
        u1_0.firstName,
        u1_0.gender,
        u1_0.lastName,
        u1_0.password,
        u1_0.phoneNumber,
        u1_0.role,
        u1_0.userName,
        u1_0.village_id 
    from
        users u1_0 
    where
        u1_0.person_id=?
Hibernate: 
    delete 
    from
        users 
    where
        person_id=?
Hibernate: 
    select
        l1_0.location_id,
        l1_0.locationCode,
        l1_0.locationName,
        l1_0.locationType,
        l1_0.parent_id 
    from
        locations l1_0
Hibernate: 
    select
        l1_0.location_id,
        l1_0.locationCode,
        l1_0.locationName,
        l1_0.locationType,
        l1_0.parent_id 
    from
        locations l1_0 
    where
        l1_0.location_id=?
Hibernate: 
    delete 
    from
        locations 
    where
        location_id=?
Hibernate: 
    select
        l1_0.location_id,
        l1_0.locationCode,
        l1_0.locationName,
        l1_0.locationType,
        l1_0.parent_id 
    from
        locations l1_0 
    where
        l1_0.location_id=?
Hibernate: 
    delete 
    from
        locations 
    where
        location_id=?
Hibernate: 
    select
        l1_0.location_id,
        l1_0.locationCode,
        l1_0.locationName,
        l1_0.locationType,
        l1_0.parent_id 
    from
        locations l1_0 
    where
        l1_0.location_id=?
Hibernate: 
    delete 
    from
        locations 
    where
        location_id=?
Hibernate: 
    select
        l1_0.location_id,
        l1_0.locationCode,
        l1_0.locationName,
        l1_0.locationType,
        l1_0.parent_id 
    from
        locations l1_0 
    where
        l1_0.location_id=?
Hibernate: 
    delete 
    from
        locations 
    where
        location_id=?
Hibernate: 
    select
        l1_0.location_id,
        l1_0.locationCode,
        l1_0.locationName,
        l1_0.locationType,
        l1_0.parent_id 
    from
        locations l1_0 
    where
        l1_0.location_id=?
Hibernate: 
    delete 
    from
        locations 
    where
        location_id=?
]]></system-out>
  </testcase>
  <testcase name="authenticate_nullOrBlankInput_returnsFalse" classname="com.auca.library.UserServiceTest" time="0.029">
    <system-out><![CDATA[Hibernate: 
    select
        l1_0.location_id,
        l1_0.locationCode,
        l1_0.locationName,
        l1_0.locationType,
        l1_0.parent_id 
    from
        locations l1_0 
    where
        l1_0.locationCode=?
Hibernate: 
    insert 
    into
        locations
        (locationCode, locationName, locationType, parent_id, location_id) 
    values
        (?, ?, ?, ?, ?)
Hibernate: 
    select
        l1_0.location_id,
        l1_0.locationCode,
        l1_0.locationName,
        l1_0.locationType,
        l1_0.parent_id 
    from
        locations l1_0 
    where
        l1_0.locationCode=?
Hibernate: 
    select
        l1_0.location_id,
        l1_0.locationCode,
        l1_0.locationName,
        l1_0.locationType,
        l1_0.parent_id 
    from
        locations l1_0 
    where
        l1_0.location_id=?
Hibernate: 
    insert 
    into
        locations
        (locationCode, locationName, locationType, parent_id, location_id) 
    values
        (?, ?, ?, ?, ?)
Hibernate: 
    select
        l1_0.location_id,
        l1_0.locationCode,
        l1_0.locationName,
        l1_0.locationType,
        l1_0.parent_id 
    from
        locations l1_0 
    where
        l1_0.locationCode=?
Hibernate: 
    select
        l1_0.location_id,
        l1_0.locationCode,
        l1_0.locationName,
        l1_0.locationType,
        l1_0.parent_id 
    from
        locations l1_0 
    where
        l1_0.location_id=?
Hibernate: 
    insert 
    into
        locations
        (locationCode, locationName, locationType, parent_id, location_id) 
    values
        (?, ?, ?, ?, ?)
Hibernate: 
    select
        l1_0.location_id,
        l1_0.locationCode,
        l1_0.locationName,
        l1_0.locationType,
        l1_0.parent_id 
    from
        locations l1_0 
    where
        l1_0.locationCode=?
Hibernate: 
    select
        l1_0.location_id,
        l1_0.locationCode,
        l1_0.locationName,
        l1_0.locationType,
        l1_0.parent_id 
    from
        locations l1_0 
    where
        l1_0.location_id=?
Hibernate: 
    insert 
    into
        locations
        (locationCode, locationName, locationType, parent_id, location_id) 
    values
        (?, ?, ?, ?, ?)
Hibernate: 
    select
        l1_0.location_id,
        l1_0.locationCode,
        l1_0.locationName,
        l1_0.locationType,
        l1_0.parent_id 
    from
        locations l1_0 
    where
        l1_0.locationCode=?
Hibernate: 
    select
        l1_0.location_id,
        l1_0.locationCode,
        l1_0.locationName,
        l1_0.locationType,
        l1_0.parent_id 
    from
        locations l1_0 
    where
        l1_0.location_id=?
Hibernate: 
    insert 
    into
        locations
        (locationCode, locationName, locationType, parent_id, location_id) 
    values
        (?, ?, ?, ?, ?)
Hibernate: 
    insert 
    into
        users
        (firstName, gender, lastName, password, phoneNumber, role, userName, village_id, person_id) 
    values
        (?, ?, ?, ?, ?, ?, ?, ?, ?)
Hibernate: 
    select
        u1_0.person_id,
        u1_0.firstName,
        u1_0.gender,
        u1_0.lastName,
        u1_0.password,
        u1_0.phoneNumber,
        u1_0.role,
        u1_0.userName,
        u1_0.village_id 
    from
        users u1_0 
    where
        u1_0.person_id=?
Hibernate: 
    delete 
    from
        users 
    where
        person_id=?
Hibernate: 
    select
        l1_0.location_id,
        l1_0.locationCode,
        l1_0.locationName,
        l1_0.locationType,
        l1_0.parent_id 
    from
        locations l1_0
Hibernate: 
    select
        l1_0.location_id,
        l1_0.locationCode,
        l1_0.locationName,
        l1_0.locationType,
        l1_0.parent_id 
    from
        locations l1_0 
    where
        l1_0.location_id=?
Hibernate: 
    delete 
    from
        locations 
    where
        location_id=?
Hibernate: 
    select
        l1_0.location_id,
        l1_0.locationCode,
        l1_0.locationName,
        l1_0.locationType,
        l1_0.parent_id 
    from
        locations l1_0 
    where
        l1_0.location_id=?
Hibernate: 
    delete 
    from
        locations 
    where
        location_id=?
Hibernate: 
    select
        l1_0.location_id,
        l1_0.locationCode,
        l1_0.locationName,
        l1_0.locationType,
        l1_0.parent_id 
    from
        locations l1_0 
    where
        l1_0.location_id=?
Hibernate: 
    delete 
    from
        locations 
    where
        location_id=?
Hibernate: 
    select
        l1_0.location_id,
        l1_0.locationCode,
        l1_0.locationName,
        l1_0.locationType,
        l1_0.parent_id 
    from
        locations l1_0 
    where
        l1_0.location_id=?
Hibernate: 
    delete 
    from
        locations 
    where
        location_id=?
Hibernate: 
    select
        l1_0.location_id,
        l1_0.locationCode,
        l1_0.locationName,
        l1_0.locationType,
        l1_0.parent_id 
    from
        locations l1_0 
    where
        l1_0.location_id=?
Hibernate: 
    delete 
    from
        locations 
    where
        location_id=?
]]></system-out>
  </testcase>
</testsuite>